<?xml version="1.0" encoding="UTF-8"?>
<!-- Generated by org.testng.reporters.JUnitXMLReporter -->
<testsuite ignored="0" hostname="IN-5CG0377HDH" failures="0" tests="1" name="BankingApp Test" time="12.007" errors="0" timestamp="01 Nov 2020 15:00:05 GMT">
  <testcase classname="com.bankingV1.testcase.BaseClass" name="@BeforeClass setup" time="11.978">
    <failure type="java.lang.NullPointerException">
      <![CDATA[java.lang.NullPointerException
at com.bankingV1.testcase.BaseClass.setup(BaseClass.java:57)
... Removed 26 stack frames]]>
    </failure>
  </testcase> <!-- @BeforeClass setup -->
  <testcase classname="com.bankingV1.testcase.BaseClass" name="@AfterClass tearDown" time="0.0">
    <skipped/>
  </testcase> <!-- @AfterClass tearDown -->
  <testcase classname="com.bankingV1.testcase.TC_LoginTest_001" name="loginTest" time="0.0">
    <skipped/>
  </testcase> <!-- loginTest -->
</testsuite> <!-- BankingApp Test -->
