<?xml version="1.0" encoding="UTF-8"?>
<testng-results ignored="0" total="1" passed="1" failed="0" skipped="0">
  <reporter-output>
  </reporter-output>
  <suite started-at="2021-04-03T08:25:52Z" name="BankingV1" finished-at="2021-04-03T08:26:05Z" duration-ms="12692">
    <groups>
    </groups>
    <test started-at="2021-04-03T08:25:52Z" name="Banking" finished-at="2021-04-03T08:26:05Z" duration-ms="12692">
      <class name="com.bankingV1.testcase.TC_LoginTest_001">
        <test-method is-config="true" signature="setup(java.lang.String)[pri:0, instance:com.bankingV1.testcase.TC_LoginTest_001@17a7f733]" started-at="2021-04-03T08:25:53Z" name="setup" finished-at="2021-04-03T08:26:01Z" duration-ms="8317" status="PASS">
          <params>
            <param index="0">
              <value>
                <![CDATA[chrome]]>
              </value>
            </param>
          </params>
          <reporter-output>
          </reporter-output>
        </test-method> <!-- setup -->
        <test-method signature="loginTest()[pri:0, instance:com.bankingV1.testcase.TC_LoginTest_001@17a7f733]" started-at="2021-04-03T08:26:01Z" name="loginTest" finished-at="2021-04-03T08:26:04Z" duration-ms="3542" status="PASS">
          <reporter-output>
          </reporter-output>
        </test-method> <!-- loginTest -->
        <test-method is-config="true" signature="tearDown()[pri:0, instance:com.bankingV1.testcase.TC_LoginTest_001@17a7f733]" started-at="2021-04-03T08:26:04Z" name="tearDown" finished-at="2021-04-03T08:26:05Z" duration-ms="277" status="PASS">
          <reporter-output>
          </reporter-output>
        </test-method> <!-- tearDown -->
      </class> <!-- com.bankingV1.testcase.TC_LoginTest_001 -->
    </test> <!-- Banking -->
  </suite> <!-- BankingV1 -->
</testng-results>
